==7142== Memcheck, a memory error detector
==7142== Copyright (C) 2002-2017, and GNU GPL'd, by Julian Seward et al.
==7142== Using Valgrind-3.18.1 and LibVEX; rerun with -h for copyright info
==7142== Command: ../bin/exe_string_pm people now\ is\ the\ time\ for\ all\ good\ people\ to\ come
==7142== Parent PID: 7141
==7142== 
==7142== 
==7142== Process terminating with default action of signal 2 (SIGINT)
==7142==    at 0x4BEF7E2: read (read.c:26)
==7142==    by 0x4B67C35: _IO_file_underflow@@GLIBC_2.2.5 (fileops.c:516)
==7142==    by 0x4B68D95: _IO_default_uflow (genops.c:362)
==7142==    by 0x1096BD: match3(char const*, char const*) (pm_kmp.cpp:37)
==7142==    by 0x10942B: main (main.cpp:20)
==7142== 
==7142== HEAP SUMMARY:
==7142==     in use at exit: 78,872 bytes in 4 blocks
==7142==   total heap usage: 4 allocs, 0 frees, 78,872 bytes allocated
==7142== 
==7142== 24 bytes in 1 blocks are still reachable in loss record 1 of 4
==7142==    at 0x484A2F3: operator new[](unsigned long) (in /usr/libexec/valgrind/vgpreload_memcheck-amd64-linux.so)
==7142==    by 0x109521: buildNext(char const*) (pm_kmp.cpp:7)
==7142==    by 0x109644: match3(char const*, char const*) (pm_kmp.cpp:28)
==7142==    by 0x10942B: main (main.cpp:20)
==7142== 
==7142== 1,024 bytes in 1 blocks are still reachable in loss record 2 of 4
==7142==    at 0x4848899: malloc (in /usr/libexec/valgrind/vgpreload_memcheck-amd64-linux.so)
==7142==    by 0x4B59BA3: _IO_file_doallocate (filedoalloc.c:101)
==7142==    by 0x4B68CDF: _IO_doallocbuf (genops.c:347)
==7142==    by 0x4B67CDB: _IO_file_underflow@@GLIBC_2.2.5 (fileops.c:485)
==7142==    by 0x4B68D95: _IO_default_uflow (genops.c:362)
==7142==    by 0x1096BD: match3(char const*, char const*) (pm_kmp.cpp:37)
==7142==    by 0x10942B: main (main.cpp:20)
==7142== 
==7142== 4,096 bytes in 1 blocks are still reachable in loss record 3 of 4
==7142==    at 0x4848899: malloc (in /usr/libexec/valgrind/vgpreload_memcheck-amd64-linux.so)
==7142==    by 0x4B59BA3: _IO_file_doallocate (filedoalloc.c:101)
==7142==    by 0x4B68CDF: _IO_doallocbuf (genops.c:347)
==7142==    by 0x4B67F5F: _IO_file_overflow@@GLIBC_2.2.5 (fileops.c:744)
==7142==    by 0x4B666D4: _IO_new_file_xsputn (fileops.c:1243)
==7142==    by 0x4B666D4: _IO_file_xsputn@@GLIBC_2.2.5 (fileops.c:1196)
==7142==    by 0x4B5BF1B: puts (ioputs.c:40)
==7142==    by 0x1092B2: main (main.cpp:13)
==7142== 
==7142== 73,728 bytes in 1 blocks are still reachable in loss record 4 of 4
==7142==    at 0x4848899: malloc (in /usr/libexec/valgrind/vgpreload_memcheck-amd64-linux.so)
==7142==    by 0x4921371: ??? (in /usr/lib/x86_64-linux-gnu/libstdc++.so.6.0.32)
==7142==    by 0x400647D: call_init.part.0 (dl-init.c:70)
==7142==    by 0x4006567: call_init (dl-init.c:33)
==7142==    by 0x4006567: _dl_init (dl-init.c:117)
==7142==    by 0x40202C9: ??? (in /usr/lib/x86_64-linux-gnu/ld-linux-x86-64.so.2)
==7142==    by 0x2: ???
==7142==    by 0x1FFF00031E: ???
==7142==    by 0x1FFF000333: ???
==7142==    by 0x1FFF00033A: ???
==7142== 
==7142== LEAK SUMMARY:
==7142==    definitely lost: 0 bytes in 0 blocks
==7142==    indirectly lost: 0 bytes in 0 blocks
==7142==      possibly lost: 0 bytes in 0 blocks
==7142==    still reachable: 78,872 bytes in 4 blocks
==7142==         suppressed: 0 bytes in 0 blocks
==7142== 
==7142== For lists of detected and suppressed errors, rerun with: -s
==7142== ERROR SUMMARY: 0 errors from 0 contexts (suppressed: 0 from 0)
